<?xml version="1.0" ?>
<!DOCTYPE coverage SYSTEM "http://cobertura.sourceforge.net/xml/coverage-04.dtd">
<coverage lines-valid="39" lines-covered="38" line-rate="0.9744" branches-valid="0" branches-covered="0" branch-rate="1" timestamp="1736912805535" complexity="0" version="0.1">
  <sources>
    <source>.</source>
  </sources>
  <packages>
    <package name="main" line-rate="0.9744" branch-rate="1">
      <classes>
        <class name="AccountProfile" filename="force-app/main/default/classes/AccountProfile.cls" line-rate="1.0000" branch-rate="1">
          <methods/>
          <lines>
            <line number="9" hits="1" branch="false"/>
            <line number="10" hits="1" branch="false"/>
            <line number="11" hits="1" branch="false"/>
            <line number="12" hits="1" branch="false"/>
            <line number="14" hits="1" branch="false"/>
            <line number="17" hits="1" branch="false"/>
            <line number="20" hits="1" branch="false"/>
            <line number="21" hits="1" branch="false"/>
            <line number="24" hits="1" branch="false"/>
            <line number="25" hits="1" branch="false"/>
            <line number="26" hits="1" branch="false"/>
            <line number="27" hits="1" branch="false"/>
            <line number="28" hits="1" branch="false"/>
            <line number="29" hits="1" branch="false"/>
            <line number="30" hits="1" branch="false"/>
            <line number="32" hits="1" branch="false"/>
            <line number="43" hits="1" branch="false"/>
            <line number="44" hits="1" branch="false"/>
            <line number="52" hits="1" branch="false"/>
            <line number="53" hits="1" branch="false"/>
            <line number="54" hits="1" branch="false"/>
            <line number="55" hits="1" branch="false"/>
            <line number="56" hits="1" branch="false"/>
            <line number="57" hits="1" branch="false"/>
            <line number="59" hits="1" branch="false"/>
            <line number="60" hits="1" branch="false"/>
            <line number="61" hits="1" branch="false"/>
            <line number="62" hits="1" branch="false"/>
          </lines>
        </class>
        <class name="AccountTrigger" filename="packaged/triggers/AccountTrigger.trigger" line-rate="0.9091" branch-rate="1">
          <methods/>
          <lines>
            <line number="11" hits="1" branch="false"/>
            <line number="13" hits="1" branch="false"/>
            <line number="14" hits="1" branch="false"/>
            <line number="15" hits="1" branch="false"/>
            <line number="18" hits="1" branch="false"/>
            <line number="20" hits="1" branch="false"/>
            <line number="21" hits="1" branch="false"/>
            <line number="22" hits="1" branch="false"/>
            <line number="23" hits="1" branch="false"/>
            <line number="25" hits="0" branch="false"/>
            <line number="26" hits="1" branch="false"/>
          </lines>
        </class>
      </classes>
    </package>
  </packages>
</coverage>