TN:
SF:force-app/main/default/classes/AccountProfile.cls
FNF:0
FNH:0
DA:9,1
DA:10,1
DA:11,1
DA:12,1
DA:14,1
DA:17,1
DA:20,1
DA:21,1
DA:24,1
DA:25,1
DA:26,1
DA:27,1
DA:28,1
DA:29,1
DA:30,1
DA:32,1
DA:43,1
DA:44,1
DA:52,1
DA:53,1
DA:54,1
DA:55,1
DA:56,1
DA:57,1
DA:59,1
DA:60,1
DA:61,1
DA:62,1
LF:28
LH:28
BRF:0
BRH:0
end_of_record
TN:
SF:packaged/triggers/AccountTrigger.trigger
FNF:0
FNH:0
DA:11,1
DA:13,1
DA:14,1
DA:15,1
DA:18,1
DA:20,1
DA:21,1
DA:22,1
DA:23,1
DA:25,0
DA:26,1
LF:11
LH:10
BRF:0
BRH:0
end_of_record
