<?xml version="1.0" encoding="UTF-8" standalone="yes"?>
<!DOCTYPE report PUBLIC "-//JACOCO//DTD Report 1.0//EN" "report.dtd">
<report name="JaCoCo">
  <package name="force-app/main/default/classes">
    <sourcefile name="AccountProfile.cls">
      <line nr="52" mi="1" ci="0" mb="0" cb="0"/>
      <line nr="53" mi="1" ci="0" mb="0" cb="0"/>
      <line nr="54" mi="0" ci="1" mb="0" cb="0"/>
      <line nr="55" mi="0" ci="1" mb="0" cb="0"/>
      <line nr="56" mi="0" ci="1" mb="0" cb="0"/>
      <line nr="57" mi="0" ci="1" mb="0" cb="0"/>
      <line nr="58" mi="0" ci="1" mb="0" cb="0"/>
      <line nr="59" mi="1" ci="0" mb="0" cb="0"/>
      <line nr="60" mi="1" ci="0" mb="0" cb="0"/>
      <line nr="61" mi="0" ci="1" mb="0" cb="0"/>
      <line nr="62" mi="0" ci="1" mb="0" cb="0"/>
      <line nr="63" mi="0" ci="1" mb="0" cb="0"/>
      <line nr="64" mi="0" ci="1" mb="0" cb="0"/>
      <line nr="65" mi="0" ci="1" mb="0" cb="0"/>
      <line nr="66" mi="0" ci="1" mb="0" cb="0"/>
      <line nr="67" mi="0" ci="1" mb="0" cb="0"/>
      <line nr="68" mi="0" ci="1" mb="0" cb="0"/>
      <line nr="69" mi="0" ci="1" mb="0" cb="0"/>
      <line nr="70" mi="0" ci="1" mb="0" cb="0"/>
      <line nr="71" mi="0" ci="1" mb="0" cb="0"/>
      <line nr="72" mi="0" ci="1" mb="0" cb="0"/>
      <line nr="73" mi="0" ci="1" mb="0" cb="0"/>
      <line nr="74" mi="0" ci="1" mb="0" cb="0"/>
      <line nr="75" mi="0" ci="1" mb="0" cb="0"/>
      <line nr="76" mi="0" ci="1" mb="0" cb="0"/>
      <line nr="77" mi="0" ci="1" mb="0" cb="0"/>
      <line nr="78" mi="0" ci="1" mb="0" cb="0"/>
      <line nr="79" mi="0" ci="1" mb="0" cb="0"/>
      <line nr="80" mi="0" ci="1" mb="0" cb="0"/>
      <line nr="81" mi="0" ci="1" mb="0" cb="0"/>
      <line nr="82" mi="0" ci="1" mb="0" cb="0"/>
      <counter type="LINE" missed="4" covered="27"/>
    </sourcefile>
    <counter type="LINE" missed="4" covered="27"/>
  </package>
  <package name="packaged/triggers">
    <sourcefile name="AccountTrigger.trigger">
      <line nr="52" mi="1" ci="0" mb="0" cb="0"/>
      <line nr="53" mi="1" ci="0" mb="0" cb="0"/>
      <line nr="54" mi="0" ci="1" mb="0" cb="0"/>
      <line nr="55" mi="0" ci="1" mb="0" cb="0"/>
      <line nr="56" mi="0" ci="1" mb="0" cb="0"/>
      <line nr="57" mi="0" ci="1" mb="0" cb="0"/>
      <line nr="58" mi="0" ci="1" mb="0" cb="0"/>
      <line nr="59" mi="1" ci="0" mb="0" cb="0"/>
      <line nr="60" mi="1" ci="0" mb="0" cb="0"/>
      <line nr="61" mi="0" ci="1" mb="0" cb="0"/>
      <line nr="62" mi="0" ci="1" mb="0" cb="0"/>
      <line nr="63" mi="0" ci="1" mb="0" cb="0"/>
      <line nr="64" mi="0" ci="1" mb="0" cb="0"/>
      <line nr="65" mi="0" ci="1" mb="0" cb="0"/>
      <line nr="66" mi="0" ci="1" mb="0" cb="0"/>
      <line nr="67" mi="0" ci="1" mb="0" cb="0"/>
      <line nr="68" mi="0" ci="1" mb="0" cb="0"/>
      <line nr="69" mi="0" ci="1" mb="0" cb="0"/>
      <line nr="70" mi="0" ci="1" mb="0" cb="0"/>
      <line nr="71" mi="0" ci="1" mb="0" cb="0"/>
      <line nr="72" mi="0" ci="1" mb="0" cb="0"/>
      <line nr="73" mi="0" ci="1" mb="0" cb="0"/>
      <line nr="74" mi="0" ci="1" mb="0" cb="0"/>
      <line nr="75" mi="0" ci="1" mb="0" cb="0"/>
      <line nr="76" mi="0" ci="1" mb="0" cb="0"/>
      <line nr="77" mi="0" ci="1" mb="0" cb="0"/>
      <line nr="78" mi="0" ci="1" mb="0" cb="0"/>
      <line nr="79" mi="0" ci="1" mb="0" cb="0"/>
      <line nr="80" mi="0" ci="1" mb="0" cb="0"/>
      <line nr="81" mi="0" ci="1" mb="0" cb="0"/>
      <line nr="82" mi="0" ci="1" mb="0" cb="0"/>
      <counter type="LINE" missed="4" covered="27"/>
    </sourcefile>
    <counter type="LINE" missed="4" covered="27"/>
  </package>
  <counter type="LINE" missed="8" covered="54"/>
</report>